<?xml version="1.0" encoding="UTF-8"?>
<!-- Generated by org.testng.reporters.JUnitReportReporter -->
<testsuite hostname="LAPTOP-PQV3U8N8" failures="0" tests="1" name="tests.RunnerFile" time="36.376" errors="0" timestamp="2021-08-13T23:18:25 IST" skipped="0">
  <testcase classname="tests.RunnerFile" name="runScenario" time="36.376"/>
  <system-out/>
</testsuite> <!-- tests.RunnerFile -->
